GROUP,PACKAGE,CLASS,INSTRUCTION_MISSED,INSTRUCTION_COVERED,BRANCH_MISSED,BRANCH_COVERED,LINE_MISSED,LINE_COVERED,COMPLEXITY_MISSED,COMPLEXITY_COVERED,METHOD_MISSED,METHOD_COVERED
ISOFT2-2022-ET.02,ISOFT2_2022_ET.ISOFT2_2022_ET.exceptions,AngulosValidosException,0,4,0,0,0,2,0,1,0,1
ISOFT2-2022-ET.02,ISOFT2_2022_ET.ISOFT2_2022_ET.exceptions,NumerosValidosException,0,4,0,0,0,2,0,1,0,1
ISOFT2-2022-ET.02,ISOFT2_2022_ET.ISOFT2_2022_ET.model,Triangulo,0,45,0,0,0,20,0,13,0,13
ISOFT2-2022-ET.02,ISOFT2_2022_ET.ISOFT2_2022_ET.model,TrianguloController,0,152,4,32,0,20,4,16,0,2
ISOFT2-2022-ET.02,ISOFT2_2022_ET.ISOFT2_2022_ET,Main,24,0,0,0,8,0,4,0,4,0
